2023/07/24 14:20:38 [notice] 1#1: using the "epoll" event method
2023/07/24 14:20:38 [notice] 1#1: nginx/1.25.1
2023/07/24 14:20:38 [notice] 1#1: built by gcc 12.2.0 (Debian 12.2.0-14) 
2023/07/24 14:20:38 [notice] 1#1: OS: Linux 5.15.90.1-microsoft-standard-WSL2
2023/07/24 14:20:38 [notice] 1#1: getrlimit(RLIMIT_NOFILE): 1048576:1048576
2023/07/24 14:20:38 [notice] 1#1: start worker processes
2023/07/24 14:20:38 [notice] 1#1: start worker process 20
2023/07/24 14:20:38 [notice] 1#1: start worker process 21
2023/07/24 14:20:38 [notice] 1#1: start worker process 22
2023/07/24 14:20:38 [notice] 1#1: start worker process 23
2023/07/24 14:20:38 [notice] 1#1: start worker process 24
2023/07/24 14:20:38 [notice] 1#1: start worker process 25
2023/07/24 14:20:38 [notice] 1#1: start worker process 26
2023/07/24 14:20:38 [notice] 1#1: start worker process 27
2023/07/24 14:20:38 [notice] 1#1: start worker process 28
2023/07/24 14:20:38 [notice] 1#1: start worker process 29
2023/07/24 14:20:38 [notice] 1#1: start worker process 30
2023/07/24 14:20:38 [notice] 1#1: start worker process 31
2023/07/24 14:20:38 [notice] 1#1: start worker process 32
2023/07/24 14:20:38 [notice] 1#1: start worker process 33
2023/07/24 14:20:38 [notice] 1#1: start worker process 34
2023/07/24 14:20:38 [notice] 1#1: start worker process 35
2023/07/24 14:20:38 [notice] 1#1: start worker process 36
2023/07/24 14:20:38 [notice] 1#1: start worker process 37
2023/07/24 14:20:38 [notice] 1#1: start worker process 38
2023/07/24 14:20:38 [notice] 1#1: start worker process 39
2023/07/24 14:31:14 [notice] 1#1: signal 3 (SIGQUIT) received, shutting down
2023/07/24 14:31:14 [notice] 20#20: gracefully shutting down
2023/07/24 14:31:14 [notice] 21#21: gracefully shutting down
2023/07/24 14:31:14 [notice] 22#22: gracefully shutting down
2023/07/24 14:31:14 [notice] 23#23: gracefully shutting down
2023/07/24 14:31:14 [notice] 25#25: gracefully shutting down
2023/07/24 14:31:14 [notice] 27#27: gracefully shutting down
2023/07/24 14:31:14 [notice] 26#26: gracefully shutting down
2023/07/24 14:31:14 [notice] 29#29: gracefully shutting down
2023/07/24 14:31:14 [notice] 24#24: gracefully shutting down
2023/07/24 14:31:14 [notice] 30#30: gracefully shutting down
2023/07/24 14:31:14 [notice] 31#31: gracefully shutting down
2023/07/24 14:31:14 [notice] 31#31: exiting
2023/07/24 14:31:14 [notice] 28#28: gracefully shutting down
2023/07/24 14:31:14 [notice] 33#33: gracefully shutting down
2023/07/24 14:31:14 [notice] 32#32: gracefully shutting down
2023/07/24 14:31:14 [notice] 35#35: gracefully shutting down
2023/07/24 14:31:14 [notice] 35#35: exiting
2023/07/24 14:31:14 [notice] 34#34: gracefully shutting down
2023/07/24 14:31:14 [notice] 37#37: gracefully shutting down
2023/07/24 14:31:14 [notice] 36#36: gracefully shutting down
2023/07/24 14:31:14 [notice] 38#38: gracefully shutting down
2023/07/24 14:31:14 [notice] 39#39: gracefully shutting down
2023/07/24 14:31:14 [notice] 20#20: exiting
2023/07/24 14:31:14 [notice] 21#21: exiting
2023/07/24 14:31:14 [notice] 22#22: exiting
2023/07/24 14:31:14 [notice] 23#23: exiting
2023/07/24 14:31:14 [notice] 25#25: exiting
2023/07/24 14:31:14 [notice] 27#27: exiting
2023/07/24 14:31:14 [notice] 26#26: exiting
2023/07/24 14:31:14 [notice] 29#29: exiting
2023/07/24 14:31:14 [notice] 24#24: exiting
2023/07/24 14:31:14 [notice] 30#30: exiting
2023/07/24 14:31:14 [notice] 31#31: exit
2023/07/24 14:31:14 [notice] 28#28: exiting
2023/07/24 14:31:14 [notice] 33#33: exiting
2023/07/24 14:31:14 [notice] 32#32: exiting
2023/07/24 14:31:14 [notice] 35#35: exit
2023/07/24 14:31:14 [notice] 34#34: exiting
2023/07/24 14:31:14 [notice] 37#37: exiting
2023/07/24 14:31:14 [notice] 36#36: exiting
2023/07/24 14:31:14 [notice] 38#38: exiting
2023/07/24 14:31:14 [notice] 39#39: exiting
2023/07/24 14:31:14 [notice] 20#20: exit
2023/07/24 14:31:14 [notice] 21#21: exit
2023/07/24 14:31:14 [notice] 22#22: exit
2023/07/24 14:31:14 [notice] 23#23: exit
2023/07/24 14:31:14 [notice] 25#25: exit
2023/07/24 14:31:14 [notice] 27#27: exit
2023/07/24 14:31:14 [notice] 26#26: exit
2023/07/24 14:31:14 [notice] 29#29: exit
2023/07/24 14:31:14 [notice] 24#24: exit
2023/07/24 14:31:14 [notice] 30#30: exit
2023/07/24 14:31:14 [notice] 28#28: exit
2023/07/24 14:31:14 [notice] 33#33: exit
2023/07/24 14:31:14 [notice] 32#32: exit
2023/07/24 14:31:14 [notice] 34#34: exit
2023/07/24 14:31:14 [notice] 37#37: exit
2023/07/24 14:31:14 [notice] 36#36: exit
2023/07/24 14:31:14 [notice] 38#38: exit
2023/07/24 14:31:14 [notice] 39#39: exit
2023/07/24 14:31:14 [notice] 1#1: signal 17 (SIGCHLD) received from 21
2023/07/24 14:31:14 [notice] 1#1: worker process 21 exited with code 0
2023/07/24 14:31:14 [notice] 1#1: worker process 34 exited with code 0
2023/07/24 14:31:14 [notice] 1#1: worker process 35 exited with code 0
2023/07/24 14:31:14 [notice] 1#1: signal 29 (SIGIO) received
2023/07/24 14:31:14 [notice] 1#1: signal 17 (SIGCHLD) received from 35
2023/07/24 14:31:14 [notice] 1#1: signal 17 (SIGCHLD) received from 38
2023/07/24 14:31:14 [notice] 1#1: worker process 20 exited with code 0
2023/07/24 14:31:14 [notice] 1#1: worker process 22 exited with code 0
2023/07/24 14:31:14 [notice] 1#1: worker process 23 exited with code 0
2023/07/24 14:31:14 [notice] 1#1: worker process 26 exited with code 0
2023/07/24 14:31:14 [notice] 1#1: worker process 27 exited with code 0
2023/07/24 14:31:14 [notice] 1#1: worker process 32 exited with code 0
2023/07/24 14:31:14 [notice] 1#1: worker process 36 exited with code 0
2023/07/24 14:31:14 [notice] 1#1: worker process 38 exited with code 0
2023/07/24 14:31:14 [notice] 1#1: signal 29 (SIGIO) received
2023/07/24 14:31:14 [notice] 1#1: signal 17 (SIGCHLD) received from 26
2023/07/24 14:31:14 [notice] 1#1: signal 17 (SIGCHLD) received from 24
2023/07/24 14:31:14 [notice] 1#1: worker process 24 exited with code 0
2023/07/24 14:31:14 [notice] 1#1: signal 29 (SIGIO) received
2023/07/24 14:31:14 [notice] 1#1: signal 17 (SIGCHLD) received from 37
2023/07/24 14:31:14 [notice] 1#1: worker process 25 exited with code 0
2023/07/24 14:31:14 [notice] 1#1: worker process 28 exited with code 0
2023/07/24 14:31:14 [notice] 1#1: worker process 29 exited with code 0
2023/07/24 14:31:14 [notice] 1#1: worker process 30 exited with code 0
2023/07/24 14:31:14 [notice] 1#1: worker process 31 exited with code 0
2023/07/24 14:31:14 [notice] 1#1: worker process 33 exited with code 0
2023/07/24 14:31:14 [notice] 1#1: worker process 37 exited with code 0
2023/07/24 14:31:14 [notice] 1#1: worker process 39 exited with code 0
2023/07/24 14:31:14 [notice] 1#1: exit
2023/07/24 14:31:40 [notice] 1#1: using the "epoll" event method
2023/07/24 14:31:40 [notice] 1#1: nginx/1.25.1
2023/07/24 14:31:40 [notice] 1#1: built by gcc 12.2.0 (Debian 12.2.0-14) 
2023/07/24 14:31:40 [notice] 1#1: OS: Linux 5.15.90.1-microsoft-standard-WSL2
2023/07/24 14:31:40 [notice] 1#1: getrlimit(RLIMIT_NOFILE): 1048576:1048576
2023/07/24 14:31:40 [notice] 1#1: start worker processes
2023/07/24 14:31:40 [notice] 1#1: start worker process 20
2023/07/24 14:31:40 [notice] 1#1: start worker process 21
2023/07/24 14:31:40 [notice] 1#1: start worker process 22
2023/07/24 14:31:40 [notice] 1#1: start worker process 23
2023/07/24 14:31:40 [notice] 1#1: start worker process 24
2023/07/24 14:31:40 [notice] 1#1: start worker process 25
2023/07/24 14:31:40 [notice] 1#1: start worker process 26
2023/07/24 14:31:40 [notice] 1#1: start worker process 27
2023/07/24 14:31:40 [notice] 1#1: start worker process 28
2023/07/24 14:31:40 [notice] 1#1: start worker process 29
2023/07/24 14:31:40 [notice] 1#1: start worker process 30
2023/07/24 14:31:40 [notice] 1#1: start worker process 31
2023/07/24 14:31:40 [notice] 1#1: start worker process 32
2023/07/24 14:31:40 [notice] 1#1: start worker process 33
2023/07/24 14:31:40 [notice] 1#1: start worker process 34
2023/07/24 14:31:40 [notice] 1#1: start worker process 35
2023/07/24 14:31:40 [notice] 1#1: start worker process 36
2023/07/24 14:31:40 [notice] 1#1: start worker process 37
2023/07/24 14:31:40 [notice] 1#1: start worker process 38
2023/07/24 14:31:40 [notice] 1#1: start worker process 39
2023/07/24 14:39:32 [notice] 1#1: signal 3 (SIGQUIT) received, shutting down
2023/07/24 14:39:32 [notice] 20#20: gracefully shutting down
2023/07/24 14:39:32 [notice] 20#20: exiting
2023/07/24 14:39:32 [notice] 21#21: gracefully shutting down
2023/07/24 14:39:32 [notice] 22#22: gracefully shutting down
2023/07/24 14:39:32 [notice] 23#23: gracefully shutting down
2023/07/24 14:39:32 [notice] 24#24: gracefully shutting down
2023/07/24 14:39:32 [notice] 25#25: gracefully shutting down
2023/07/24 14:39:32 [notice] 27#27: gracefully shutting down
2023/07/24 14:39:32 [notice] 26#26: gracefully shutting down
2023/07/24 14:39:32 [notice] 31#31: gracefully shutting down
2023/07/24 14:39:32 [notice] 29#29: gracefully shutting down
2023/07/24 14:39:32 [notice] 30#30: gracefully shutting down
2023/07/24 14:39:32 [notice] 32#32: gracefully shutting down
2023/07/24 14:39:32 [notice] 28#28: gracefully shutting down
2023/07/24 14:39:32 [notice] 36#36: gracefully shutting down
2023/07/24 14:39:32 [notice] 36#36: exiting
2023/07/24 14:39:32 [notice] 33#33: gracefully shutting down
2023/07/24 14:39:32 [notice] 34#34: gracefully shutting down
2023/07/24 14:39:32 [notice] 37#37: gracefully shutting down
2023/07/24 14:39:32 [notice] 38#38: gracefully shutting down
2023/07/24 14:39:32 [notice] 39#39: gracefully shutting down
2023/07/24 14:39:32 [notice] 35#35: gracefully shutting down
2023/07/24 14:39:32 [notice] 20#20: exit
2023/07/24 14:39:32 [notice] 21#21: exiting
2023/07/24 14:39:32 [notice] 22#22: exiting
2023/07/24 14:39:32 [notice] 23#23: exiting
2023/07/24 14:39:32 [notice] 24#24: exiting
2023/07/24 14:39:32 [notice] 25#25: exiting
2023/07/24 14:39:32 [notice] 27#27: exiting
2023/07/24 14:39:32 [notice] 26#26: exiting
2023/07/24 14:39:32 [notice] 31#31: exiting
2023/07/24 14:39:32 [notice] 29#29: exiting
2023/07/24 14:39:32 [notice] 30#30: exiting
2023/07/24 14:39:32 [notice] 32#32: exiting
2023/07/24 14:39:32 [notice] 28#28: exiting
2023/07/24 14:39:32 [notice] 36#36: exit
2023/07/24 14:39:32 [notice] 33#33: exiting
2023/07/24 14:39:32 [notice] 34#34: exiting
2023/07/24 14:39:32 [notice] 37#37: exiting
2023/07/24 14:39:32 [notice] 38#38: exiting
2023/07/24 14:39:32 [notice] 39#39: exiting
2023/07/24 14:39:32 [notice] 35#35: exiting
2023/07/24 14:39:32 [notice] 21#21: exit
2023/07/24 14:39:32 [notice] 22#22: exit
2023/07/24 14:39:32 [notice] 23#23: exit
2023/07/24 14:39:32 [notice] 24#24: exit
2023/07/24 14:39:32 [notice] 25#25: exit
2023/07/24 14:39:32 [notice] 27#27: exit
2023/07/24 14:39:32 [notice] 26#26: exit
2023/07/24 14:39:32 [notice] 31#31: exit
2023/07/24 14:39:32 [notice] 29#29: exit
2023/07/24 14:39:32 [notice] 30#30: exit
2023/07/24 14:39:32 [notice] 32#32: exit
2023/07/24 14:39:32 [notice] 28#28: exit
2023/07/24 14:39:32 [notice] 33#33: exit
2023/07/24 14:39:32 [notice] 34#34: exit
2023/07/24 14:39:32 [notice] 37#37: exit
2023/07/24 14:39:32 [notice] 38#38: exit
2023/07/24 14:39:32 [notice] 39#39: exit
2023/07/24 14:39:32 [notice] 35#35: exit
2023/07/24 14:39:32 [notice] 1#1: signal 17 (SIGCHLD) received from 36
2023/07/24 14:39:32 [notice] 1#1: worker process 32 exited with code 0
2023/07/24 14:39:32 [notice] 1#1: worker process 36 exited with code 0
2023/07/24 14:39:32 [notice] 1#1: signal 29 (SIGIO) received
2023/07/24 14:39:32 [notice] 1#1: signal 17 (SIGCHLD) received from 20
2023/07/24 14:39:32 [notice] 1#1: worker process 20 exited with code 0
2023/07/24 14:39:32 [notice] 1#1: worker process 21 exited with code 0
2023/07/24 14:39:32 [notice] 1#1: worker process 22 exited with code 0
2023/07/24 14:39:32 [notice] 1#1: worker process 23 exited with code 0
2023/07/24 14:39:32 [notice] 1#1: worker process 24 exited with code 0
2023/07/24 14:39:32 [notice] 1#1: worker process 25 exited with code 0
2023/07/24 14:39:32 [notice] 1#1: worker process 26 exited with code 0
2023/07/24 14:39:32 [notice] 1#1: worker process 27 exited with code 0
2023/07/24 14:39:32 [notice] 1#1: worker process 29 exited with code 0
2023/07/24 14:39:32 [notice] 1#1: worker process 30 exited with code 0
2023/07/24 14:39:32 [notice] 1#1: worker process 31 exited with code 0
2023/07/24 14:39:32 [notice] 1#1: signal 29 (SIGIO) received
2023/07/24 14:39:32 [notice] 1#1: signal 17 (SIGCHLD) received from 23
2023/07/24 14:39:32 [notice] 1#1: signal 17 (SIGCHLD) received from 35
2023/07/24 14:39:32 [notice] 1#1: worker process 35 exited with code 0
2023/07/24 14:39:32 [notice] 1#1: signal 29 (SIGIO) received
2023/07/24 14:39:32 [notice] 1#1: signal 17 (SIGCHLD) received from 38
2023/07/24 14:39:32 [notice] 1#1: worker process 28 exited with code 0
2023/07/24 14:39:32 [notice] 1#1: worker process 33 exited with code 0
2023/07/24 14:39:32 [notice] 1#1: worker process 34 exited with code 0
2023/07/24 14:39:32 [notice] 1#1: worker process 37 exited with code 0
2023/07/24 14:39:32 [notice] 1#1: worker process 38 exited with code 0
2023/07/24 14:39:32 [notice] 1#1: worker process 39 exited with code 0
2023/07/24 14:39:32 [notice] 1#1: exit
2023/07/24 14:39:41 [notice] 1#1: using the "epoll" event method
2023/07/24 14:39:41 [notice] 1#1: nginx/1.25.1
2023/07/24 14:39:41 [notice] 1#1: built by gcc 12.2.0 (Debian 12.2.0-14) 
2023/07/24 14:39:41 [notice] 1#1: OS: Linux 5.15.90.1-microsoft-standard-WSL2
2023/07/24 14:39:41 [notice] 1#1: getrlimit(RLIMIT_NOFILE): 1048576:1048576
2023/07/24 14:39:41 [notice] 1#1: start worker processes
2023/07/24 14:39:41 [notice] 1#1: start worker process 20
2023/07/24 14:39:41 [notice] 1#1: start worker process 21
2023/07/24 14:39:41 [notice] 1#1: start worker process 22
2023/07/24 14:39:41 [notice] 1#1: start worker process 23
2023/07/24 14:39:41 [notice] 1#1: start worker process 24
2023/07/24 14:39:41 [notice] 1#1: start worker process 25
2023/07/24 14:39:41 [notice] 1#1: start worker process 26
2023/07/24 14:39:41 [notice] 1#1: start worker process 27
2023/07/24 14:39:41 [notice] 1#1: start worker process 28
2023/07/24 14:39:41 [notice] 1#1: start worker process 29
2023/07/24 14:39:41 [notice] 1#1: start worker process 30
2023/07/24 14:39:41 [notice] 1#1: start worker process 31
2023/07/24 14:39:41 [notice] 1#1: start worker process 32
2023/07/24 14:39:41 [notice] 1#1: start worker process 33
2023/07/24 14:39:41 [notice] 1#1: start worker process 34
2023/07/24 14:39:41 [notice] 1#1: start worker process 35
2023/07/24 14:39:41 [notice] 1#1: start worker process 36
2023/07/24 14:39:41 [notice] 1#1: start worker process 37
2023/07/24 14:39:41 [notice] 1#1: start worker process 38
2023/07/24 14:39:41 [notice] 1#1: start worker process 39
2023/07/24 14:39:58 [error] 20#20: *2 open() "/home/app/web/staticfiles/styles.css" failed (2: No such file or directory), client: 172.19.0.1, server: for-deploy.com, request: "GET /static/styles.css HTTP/1.1", host: "for-deploy.com:81", referrer: "http://for-deploy.com:81/"
2023/07/24 14:53:34 [notice] 1#1: signal 3 (SIGQUIT) received, shutting down
2023/07/24 14:53:34 [notice] 20#20: gracefully shutting down
2023/07/24 14:53:34 [notice] 20#20: exiting
2023/07/24 14:53:34 [notice] 21#21: gracefully shutting down
2023/07/24 14:53:34 [notice] 21#21: exiting
2023/07/24 14:53:34 [notice] 22#22: gracefully shutting down
2023/07/24 14:53:34 [notice] 22#22: exiting
2023/07/24 14:53:34 [notice] 24#24: gracefully shutting down
2023/07/24 14:53:34 [notice] 25#25: gracefully shutting down
2023/07/24 14:53:34 [notice] 25#25: exiting
2023/07/24 14:53:34 [notice] 23#23: gracefully shutting down
2023/07/24 14:53:34 [notice] 26#26: gracefully shutting down
2023/07/24 14:53:34 [notice] 27#27: gracefully shutting down
2023/07/24 14:53:34 [notice] 28#28: gracefully shutting down
2023/07/24 14:53:34 [notice] 30#30: gracefully shutting down
2023/07/24 14:53:34 [notice] 29#29: gracefully shutting down
2023/07/24 14:53:34 [notice] 31#31: gracefully shutting down
2023/07/24 14:53:34 [notice] 31#31: exiting
2023/07/24 14:53:34 [notice] 34#34: gracefully shutting down
2023/07/24 14:53:34 [notice] 36#36: gracefully shutting down
2023/07/24 14:53:34 [notice] 36#36: exiting
2023/07/24 14:53:34 [notice] 35#35: gracefully shutting down
2023/07/24 14:53:34 [notice] 37#37: gracefully shutting down
2023/07/24 14:53:34 [notice] 38#38: gracefully shutting down
2023/07/24 14:53:34 [notice] 39#39: gracefully shutting down
2023/07/24 14:53:34 [notice] 32#32: gracefully shutting down
2023/07/24 14:53:34 [notice] 33#33: gracefully shutting down
2023/07/24 14:53:34 [notice] 33#33: exiting
2023/07/24 14:53:34 [notice] 20#20: exit
2023/07/24 14:53:34 [notice] 21#21: exit
2023/07/24 14:53:34 [notice] 22#22: exit
2023/07/24 14:53:34 [notice] 24#24: exiting
2023/07/24 14:53:34 [notice] 25#25: exit
2023/07/24 14:53:34 [notice] 23#23: exiting
2023/07/24 14:53:34 [notice] 26#26: exiting
2023/07/24 14:53:34 [notice] 27#27: exiting
2023/07/24 14:53:34 [notice] 27#27: exit
2023/07/24 14:53:34 [notice] 28#28: exiting
2023/07/24 14:53:34 [notice] 30#30: exiting
2023/07/24 14:53:34 [notice] 30#30: exit
2023/07/24 14:53:34 [notice] 29#29: exiting
2023/07/24 14:53:34 [notice] 31#31: exit
2023/07/24 14:53:34 [notice] 34#34: exiting
2023/07/24 14:53:34 [notice] 34#34: exit
2023/07/24 14:53:34 [notice] 36#36: exit
2023/07/24 14:53:34 [notice] 35#35: exiting
2023/07/24 14:53:34 [notice] 37#37: exiting
2023/07/24 14:53:34 [notice] 38#38: exiting
2023/07/24 14:53:34 [notice] 39#39: exiting
2023/07/24 14:53:34 [notice] 32#32: exiting
2023/07/24 14:53:34 [notice] 33#33: exit
2023/07/24 14:53:34 [notice] 24#24: exit
2023/07/24 14:53:34 [notice] 23#23: exit
2023/07/24 14:53:34 [notice] 26#26: exit
2023/07/24 14:53:34 [notice] 28#28: exit
2023/07/24 14:53:34 [notice] 29#29: exit
2023/07/24 14:53:34 [notice] 35#35: exit
2023/07/24 14:53:34 [notice] 37#37: exit
2023/07/24 14:53:34 [notice] 38#38: exit
2023/07/24 14:53:34 [notice] 39#39: exit
2023/07/24 14:53:34 [notice] 32#32: exit
2023/07/24 14:53:34 [notice] 1#1: signal 17 (SIGCHLD) received from 33
2023/07/24 14:53:34 [notice] 1#1: worker process 20 exited with code 0
2023/07/24 14:53:34 [notice] 1#1: worker process 21 exited with code 0
2023/07/24 14:53:34 [notice] 1#1: worker process 22 exited with code 0
2023/07/24 14:53:34 [notice] 1#1: worker process 23 exited with code 0
2023/07/24 14:53:34 [notice] 1#1: worker process 24 exited with code 0
2023/07/24 14:53:34 [notice] 1#1: worker process 25 exited with code 0
2023/07/24 14:53:34 [notice] 1#1: worker process 26 exited with code 0
2023/07/24 14:53:34 [notice] 1#1: worker process 27 exited with code 0
2023/07/24 14:53:34 [notice] 1#1: worker process 28 exited with code 0
2023/07/24 14:53:34 [notice] 1#1: worker process 29 exited with code 0
2023/07/24 14:53:34 [notice] 1#1: worker process 30 exited with code 0
2023/07/24 14:53:34 [notice] 1#1: worker process 31 exited with code 0
2023/07/24 14:53:34 [notice] 1#1: worker process 32 exited with code 0
2023/07/24 14:53:34 [notice] 1#1: worker process 33 exited with code 0
2023/07/24 14:53:34 [notice] 1#1: worker process 34 exited with code 0
2023/07/24 14:53:34 [notice] 1#1: worker process 36 exited with code 0
2023/07/24 14:53:34 [notice] 1#1: worker process 38 exited with code 0
2023/07/24 14:53:34 [notice] 1#1: signal 29 (SIGIO) received
2023/07/24 14:53:34 [notice] 1#1: signal 17 (SIGCHLD) received from 31
2023/07/24 14:53:34 [notice] 1#1: signal 17 (SIGCHLD) received from 35
2023/07/24 14:53:34 [notice] 1#1: worker process 35 exited with code 0
2023/07/24 14:53:34 [notice] 1#1: signal 29 (SIGIO) received
2023/07/24 14:53:34 [notice] 1#1: signal 17 (SIGCHLD) received from 39
2023/07/24 14:53:34 [notice] 1#1: worker process 37 exited with code 0
2023/07/24 14:53:34 [notice] 1#1: worker process 39 exited with code 0
2023/07/24 14:53:34 [notice] 1#1: exit
2023/07/24 14:53:42 [notice] 1#1: using the "epoll" event method
2023/07/24 14:53:42 [notice] 1#1: nginx/1.25.1
2023/07/24 14:53:42 [notice] 1#1: built by gcc 12.2.0 (Debian 12.2.0-14) 
2023/07/24 14:53:42 [notice] 1#1: OS: Linux 5.15.90.1-microsoft-standard-WSL2
2023/07/24 14:53:42 [notice] 1#1: getrlimit(RLIMIT_NOFILE): 1048576:1048576
2023/07/24 14:53:42 [notice] 1#1: start worker processes
2023/07/24 14:53:42 [notice] 1#1: start worker process 20
2023/07/24 14:53:42 [notice] 1#1: start worker process 21
2023/07/24 14:53:42 [notice] 1#1: start worker process 22
2023/07/24 14:53:42 [notice] 1#1: start worker process 23
2023/07/24 14:53:42 [notice] 1#1: start worker process 24
2023/07/24 14:53:42 [notice] 1#1: start worker process 25
2023/07/24 14:53:42 [notice] 1#1: start worker process 26
2023/07/24 14:53:42 [notice] 1#1: start worker process 27
2023/07/24 14:53:42 [notice] 1#1: start worker process 28
2023/07/24 14:53:42 [notice] 1#1: start worker process 29
2023/07/24 14:53:42 [notice] 1#1: start worker process 30
2023/07/24 14:53:42 [notice] 1#1: start worker process 31
2023/07/24 14:53:42 [notice] 1#1: start worker process 32
2023/07/24 14:53:42 [notice] 1#1: start worker process 33
2023/07/24 14:53:42 [notice] 1#1: start worker process 34
2023/07/24 14:53:42 [notice] 1#1: start worker process 35
2023/07/24 14:53:42 [notice] 1#1: start worker process 36
2023/07/24 14:53:42 [notice] 1#1: start worker process 37
2023/07/24 14:53:42 [notice] 1#1: start worker process 38
2023/07/24 14:53:42 [notice] 1#1: start worker process 39
2023/07/24 14:53:46 [error] 21#21: *2 open() "/home/app/web/staticfiles/styles.css" failed (2: No such file or directory), client: 172.19.0.1, server: for-deploy.com, request: "GET /static/styles.css HTTP/1.1", host: "for-deploy.com:81", referrer: "http://for-deploy.com:81/"
2023/07/24 14:53:48 [error] 21#21: *2 open() "/home/app/web/staticfiles/styles.css" failed (2: No such file or directory), client: 172.19.0.1, server: for-deploy.com, request: "GET /static/styles.css HTTP/1.1", host: "for-deploy.com:81", referrer: "http://for-deploy.com:81/"
2023/07/24 14:53:52 [error] 21#21: *2 open() "/home/app/web/staticfiles/styles.css" failed (2: No such file or directory), client: 172.19.0.1, server: for-deploy.com, request: "GET /static/styles.css HTTP/1.1", host: "for-deploy.com:81", referrer: "http://for-deploy.com:81/"
2023/07/24 14:53:58 [error] 21#21: *2 open() "/home/app/web/staticfiles/styles.css" failed (2: No such file or directory), client: 172.19.0.1, server: for-deploy.com, request: "GET /static/styles.css HTTP/1.1", host: "for-deploy.com:81", referrer: "http://for-deploy.com:81/"
2023/07/24 15:21:02 [notice] 1#1: signal 3 (SIGQUIT) received, shutting down
2023/07/24 15:21:02 [notice] 20#20: gracefully shutting down
2023/07/24 15:21:02 [notice] 22#22: gracefully shutting down
2023/07/24 15:21:02 [notice] 23#23: gracefully shutting down
2023/07/24 15:21:02 [notice] 21#21: gracefully shutting down
2023/07/24 15:21:02 [notice] 27#27: gracefully shutting down
2023/07/24 15:21:02 [notice] 25#25: gracefully shutting down
2023/07/24 15:21:02 [notice] 25#25: exiting
2023/07/24 15:21:02 [notice] 28#28: gracefully shutting down
2023/07/24 15:21:02 [notice] 28#28: exiting
2023/07/24 15:21:02 [notice] 29#29: gracefully shutting down
2023/07/24 15:21:02 [notice] 30#30: gracefully shutting down
2023/07/24 15:21:02 [notice] 31#31: gracefully shutting down
2023/07/24 15:21:02 [notice] 26#26: gracefully shutting down
2023/07/24 15:21:02 [notice] 24#24: gracefully shutting down
2023/07/24 15:21:02 [notice] 33#33: gracefully shutting down
2023/07/24 15:21:02 [notice] 36#36: gracefully shutting down
2023/07/24 15:21:02 [notice] 36#36: exiting
2023/07/24 15:21:02 [notice] 35#35: gracefully shutting down
2023/07/24 15:21:02 [notice] 35#35: exiting
2023/07/24 15:21:02 [notice] 34#34: gracefully shutting down
2023/07/24 15:21:02 [notice] 37#37: gracefully shutting down
2023/07/24 15:21:02 [notice] 37#37: exiting
2023/07/24 15:21:02 [notice] 38#38: gracefully shutting down
2023/07/24 15:21:02 [notice] 38#38: exiting
2023/07/24 15:21:02 [notice] 39#39: gracefully shutting down
2023/07/24 15:21:02 [notice] 32#32: gracefully shutting down
2023/07/24 15:21:02 [notice] 20#20: exiting
2023/07/24 15:21:02 [notice] 22#22: exiting
2023/07/24 15:21:02 [notice] 23#23: exiting
2023/07/24 15:21:02 [notice] 21#21: exiting
2023/07/24 15:21:02 [notice] 27#27: exiting
2023/07/24 15:21:02 [notice] 25#25: exit
2023/07/24 15:21:02 [notice] 28#28: exit
2023/07/24 15:21:02 [notice] 29#29: exiting
2023/07/24 15:21:02 [notice] 30#30: exiting
2023/07/24 15:21:02 [notice] 31#31: exiting
2023/07/24 15:21:02 [notice] 26#26: exiting
2023/07/24 15:21:02 [notice] 24#24: exiting
2023/07/24 15:21:02 [notice] 33#33: exiting
2023/07/24 15:21:02 [notice] 36#36: exit
2023/07/24 15:21:02 [notice] 35#35: exit
2023/07/24 15:21:02 [notice] 34#34: exiting
2023/07/24 15:21:02 [notice] 37#37: exit
2023/07/24 15:21:02 [notice] 38#38: exit
2023/07/24 15:21:02 [notice] 39#39: exiting
2023/07/24 15:21:02 [notice] 32#32: exiting
2023/07/24 15:21:02 [notice] 20#20: exit
2023/07/24 15:21:02 [notice] 22#22: exit
2023/07/24 15:21:02 [notice] 23#23: exit
2023/07/24 15:21:02 [notice] 21#21: exit
2023/07/24 15:21:02 [notice] 27#27: exit
2023/07/24 15:21:02 [notice] 29#29: exit
2023/07/24 15:21:02 [notice] 30#30: exit
2023/07/24 15:21:02 [notice] 31#31: exit
2023/07/24 15:21:02 [notice] 26#26: exit
2023/07/24 15:21:02 [notice] 24#24: exit
2023/07/24 15:21:02 [notice] 33#33: exit
2023/07/24 15:21:02 [notice] 34#34: exit
2023/07/24 15:21:02 [notice] 39#39: exit
2023/07/24 15:21:02 [notice] 32#32: exit
2023/07/24 15:21:02 [notice] 1#1: signal 17 (SIGCHLD) received from 39
2023/07/24 15:21:02 [notice] 1#1: worker process 24 exited with code 0
2023/07/24 15:21:02 [notice] 1#1: worker process 39 exited with code 0
2023/07/24 15:21:02 [notice] 1#1: signal 29 (SIGIO) received
2023/07/24 15:21:02 [notice] 1#1: signal 17 (SIGCHLD) received from 24
2023/07/24 15:21:02 [notice] 1#1: signal 17 (SIGCHLD) received from 32
2023/07/24 15:21:02 [notice] 1#1: worker process 20 exited with code 0
2023/07/24 15:21:02 [notice] 1#1: worker process 21 exited with code 0
2023/07/24 15:21:02 [notice] 1#1: worker process 22 exited with code 0
2023/07/24 15:21:02 [notice] 1#1: worker process 23 exited with code 0
2023/07/24 15:21:02 [notice] 1#1: worker process 25 exited with code 0
2023/07/24 15:21:02 [notice] 1#1: worker process 26 exited with code 0
2023/07/24 15:21:02 [notice] 1#1: worker process 27 exited with code 0
2023/07/24 15:21:02 [notice] 1#1: worker process 28 exited with code 0
2023/07/24 15:21:02 [notice] 1#1: worker process 29 exited with code 0
2023/07/24 15:21:02 [notice] 1#1: worker process 30 exited with code 0
2023/07/24 15:21:02 [notice] 1#1: worker process 31 exited with code 0
2023/07/24 15:21:02 [notice] 1#1: worker process 32 exited with code 0
2023/07/24 15:21:02 [notice] 1#1: worker process 33 exited with code 0
2023/07/24 15:21:02 [notice] 1#1: worker process 34 exited with code 0
2023/07/24 15:21:02 [notice] 1#1: worker process 35 exited with code 0
2023/07/24 15:21:02 [notice] 1#1: worker process 36 exited with code 0
2023/07/24 15:21:02 [notice] 1#1: worker process 37 exited with code 0
2023/07/24 15:21:02 [notice] 1#1: worker process 38 exited with code 0
2023/07/24 15:21:02 [notice] 1#1: exit
2023/07/24 17:31:36 [notice] 1#1: using the "epoll" event method
2023/07/24 17:31:36 [notice] 1#1: nginx/1.25.1
2023/07/24 17:31:36 [notice] 1#1: built by gcc 12.2.0 (Debian 12.2.0-14) 
2023/07/24 17:31:36 [notice] 1#1: OS: Linux 5.15.90.1-microsoft-standard-WSL2
2023/07/24 17:31:36 [notice] 1#1: getrlimit(RLIMIT_NOFILE): 1048576:1048576
2023/07/24 17:31:36 [notice] 1#1: start worker processes
2023/07/24 17:31:36 [notice] 1#1: start worker process 21
2023/07/24 17:31:36 [notice] 1#1: start worker process 22
2023/07/24 17:31:36 [notice] 1#1: start worker process 23
2023/07/24 17:31:36 [notice] 1#1: start worker process 24
2023/07/24 17:31:36 [notice] 1#1: start worker process 25
2023/07/24 17:31:36 [notice] 1#1: start worker process 26
2023/07/24 17:31:36 [notice] 1#1: start worker process 27
2023/07/24 17:31:36 [notice] 1#1: start worker process 28
2023/07/24 17:31:36 [notice] 1#1: start worker process 29
2023/07/24 17:31:36 [notice] 1#1: start worker process 30
2023/07/24 17:31:36 [notice] 1#1: start worker process 31
2023/07/24 17:31:36 [notice] 1#1: start worker process 32
2023/07/24 17:31:36 [notice] 1#1: start worker process 33
2023/07/24 17:31:36 [notice] 1#1: start worker process 34
2023/07/24 17:31:36 [notice] 1#1: start worker process 35
2023/07/24 17:31:36 [notice] 1#1: start worker process 36
2023/07/24 17:31:36 [notice] 1#1: start worker process 37
2023/07/24 17:31:36 [notice] 1#1: start worker process 38
2023/07/24 17:31:36 [notice] 1#1: start worker process 39
2023/07/24 17:31:36 [notice] 1#1: start worker process 40
2023/07/24 17:32:52 [error] 22#22: *2 open() "/home/app/web/staticfiles/styles.css" failed (2: No such file or directory), client: 172.19.0.1, server: for-deploy.com, request: "GET /static/styles.css HTTP/1.1", host: "for-deploy.com:81", referrer: "http://for-deploy.com:81/"
2023/07/24 17:32:55 [error] 22#22: *2 open() "/home/app/web/staticfiles/styles.css" failed (2: No such file or directory), client: 172.19.0.1, server: for-deploy.com, request: "GET /static/styles.css HTTP/1.1", host: "for-deploy.com:81", referrer: "http://for-deploy.com:81/"
2023/07/24 17:33:02 [error] 22#22: *2 open() "/home/app/web/staticfiles/styles.css" failed (2: No such file or directory), client: 172.19.0.1, server: for-deploy.com, request: "GET /static/styles.css HTTP/1.1", host: "for-deploy.com:81", referrer: "http://for-deploy.com:81/"
2023/07/24 17:33:05 [error] 22#22: *2 open() "/home/app/web/staticfiles/styles.css" failed (2: No such file or directory), client: 172.19.0.1, server: for-deploy.com, request: "GET /static/styles.css HTTP/1.1", host: "for-deploy.com:81", referrer: "http://for-deploy.com:81/"
2023/07/24 17:34:22 [error] 23#23: *9 open() "/home/app/web/staticfiles/styles.css" failed (2: No such file or directory), client: 172.19.0.1, server: for-deploy.com, request: "GET /static/styles.css HTTP/1.1", host: "for-deploy.com:81", referrer: "http://for-deploy.com:81/"
2023/07/24 17:34:25 [error] 23#23: *9 open() "/home/app/web/staticfiles/styles.css" failed (2: No such file or directory), client: 172.19.0.1, server: for-deploy.com, request: "GET /static/styles.css HTTP/1.1", host: "for-deploy.com:81", referrer: "http://for-deploy.com:81/"
2023/07/24 17:35:01 [error] 23#23: *9 open() "/home/app/web/staticfiles/styles.css" failed (2: No such file or directory), client: 172.19.0.1, server: for-deploy.com, request: "GET /static/styles.css HTTP/1.1", host: "for-deploy.com:81", referrer: "http://for-deploy.com:81/"
2023/07/24 17:35:03 [error] 23#23: *9 open() "/home/app/web/staticfiles/styles.css" failed (2: No such file or directory), client: 172.19.0.1, server: for-deploy.com, request: "GET /static/styles.css HTTP/1.1", host: "for-deploy.com:81", referrer: "http://for-deploy.com:81/"
2023/07/24 17:35:04 [error] 23#23: *9 open() "/home/app/web/staticfiles/styles.css" failed (2: No such file or directory), client: 172.19.0.1, server: for-deploy.com, request: "GET /static/styles.css HTTP/1.1", host: "for-deploy.com:81", referrer: "http://for-deploy.com:81/"
2023/07/24 17:37:51 [error] 26#26: *19 open() "/home/app/web/staticfiles/styles.css" failed (2: No such file or directory), client: 172.19.0.1, server: for-deploy.com, request: "GET /static/styles.css HTTP/1.1", host: "for-deploy.com:81", referrer: "http://for-deploy.com:81/"
2023/07/24 17:37:53 [error] 26#26: *19 open() "/home/app/web/staticfiles/styles.css" failed (2: No such file or directory), client: 172.19.0.1, server: for-deploy.com, request: "GET /static/styles.css HTTP/1.1", host: "for-deploy.com:81", referrer: "http://for-deploy.com:81/"
2023/07/24 17:37:55 [error] 26#26: *19 open() "/home/app/web/staticfiles/styles.css" failed (2: No such file or directory), client: 172.19.0.1, server: for-deploy.com, request: "GET /static/styles.css HTTP/1.1", host: "for-deploy.com:81", referrer: "http://for-deploy.com:81/"
2023/07/24 17:37:56 [error] 26#26: *19 open() "/home/app/web/staticfiles/styles.css" failed (2: No such file or directory), client: 172.19.0.1, server: for-deploy.com, request: "GET /static/styles.css HTTP/1.1", host: "for-deploy.com:81", referrer: "http://for-deploy.com:81/"
